[INFO] Scanning for projects...
[INFO] 
[INFO] -------------------< org.example:backend_TunisiaHub >-------------------
[INFO] Building backend_TunisiaHub 0.0.1-SNAPSHOT
[INFO]   from pom.xml
[INFO] --------------------------------[ jar ]---------------------------------
[INFO] 
[INFO] >>> spring-boot:3.5.10:run (default-cli) > test-compile @ backend_TunisiaHub >>>
[INFO] 
[INFO] --- resources:3.3.1:resources (default-resources) @ backend_TunisiaHub ---
[INFO] Copying 1 resource from src/main/resources to target/classes
[INFO] Copying 0 resource from src/main/resources to target/classes
[INFO] 
[INFO] --- compiler:3.14.1:compile (default-compile) @ backend_TunisiaHub ---
[INFO] Recompiling the module because of changed source code.
[INFO] Compiling 48 source files with javac [debug parameters release 17] to target/classes
[INFO] 
[INFO] --- resources:3.3.1:testResources (default-testResources) @ backend_TunisiaHub ---
[INFO] Copying 1 resource from src/test/resources to target/test-classes
[INFO] 
[INFO] --- compiler:3.14.1:testCompile (default-testCompile) @ backend_TunisiaHub ---
[INFO] Recompiling the module because of changed dependency.
[INFO] Compiling 2 source files with javac [debug parameters release 17] to target/test-classes
[INFO] 
[INFO] <<< spring-boot:3.5.10:run (default-cli) < test-compile @ backend_TunisiaHub <<<
[INFO] 
[INFO] 
[INFO] --- spring-boot:3.5.10:run (default-cli) @ backend_TunisiaHub ---
[INFO] Attaching agents: []

  .   ____          _            __ _ _
 /\\ / ___'_ __ _ _(_)_ __  __ _ \ \ \ \
( ( )\___ | '_ | '_| | '_ \/ _` | \ \ \ \
 \\/  ___)| |_)| | | | | || (_| |  ) ) ) )
  '  |____| .__|_| |_|_| |_\__, | / / / /
 =========|_|==============|___/=/_/_/_/

 :: Spring Boot ::               (v3.5.10)

2026-03-22T22:50:06.261+01:00  INFO 47749 --- [TunisiaHub_backend] [           main] o.e.b.BackendTunisiaHubApplication       : Starting BackendTunisiaHubApplication using Java 21 with PID 47749 (/Users/souhir/new/TunisiaHub/backend/target/classes started by souhir in /Users/souhir/new/TunisiaHub/backend)
2026-03-22T22:50:06.263+01:00  INFO 47749 --- [TunisiaHub_backend] [           main] o.e.b.BackendTunisiaHubApplication       : No active profile set, falling back to 1 default profile: "default"
2026-03-22T22:50:06.922+01:00  INFO 47749 --- [TunisiaHub_backend] [           main] .s.d.r.c.RepositoryConfigurationDelegate : Bootstrapping Spring Data JPA repositories in DEFAULT mode.
2026-03-22T22:50:06.982+01:00  INFO 47749 --- [TunisiaHub_backend] [           main] .s.d.r.c.RepositoryConfigurationDelegate : Finished Spring Data repository scanning in 50 ms. Found 7 JPA repository interfaces.
2026-03-22T22:50:07.393+01:00  INFO 47749 --- [TunisiaHub_backend] [           main] o.s.b.w.embedded.tomcat.TomcatWebServer  : Tomcat initialized with port 8089 (http)
2026-03-22T22:50:07.408+01:00  INFO 47749 --- [TunisiaHub_backend] [           main] o.apache.catalina.core.StandardService   : Starting service [Tomcat]
2026-03-22T22:50:07.408+01:00  INFO 47749 --- [TunisiaHub_backend] [           main] o.apache.catalina.core.StandardEngine    : Starting Servlet engine: [Apache Tomcat/10.1.50]
2026-03-22T22:50:07.451+01:00  INFO 47749 --- [TunisiaHub_backend] [           main] o.a.c.c.C.[Tomcat].[localhost].[/]       : Initializing Spring embedded WebApplicationContext
2026-03-22T22:50:07.452+01:00  INFO 47749 --- [TunisiaHub_backend] [           main] w.s.c.ServletWebServerApplicationContext : Root WebApplicationContext: initialization completed in 1155 ms
2026-03-22T22:50:07.597+01:00  INFO 47749 --- [TunisiaHub_backend] [           main] o.hibernate.jpa.internal.util.LogHelper  : HHH000204: Processing PersistenceUnitInfo [name: default]
2026-03-22T22:50:07.659+01:00  INFO 47749 --- [TunisiaHub_backend] [           main] org.hibernate.Version                    : HHH000412: Hibernate ORM core version 6.6.41.Final
2026-03-22T22:50:07.687+01:00  INFO 47749 --- [TunisiaHub_backend] [           main] o.h.c.internal.RegionFactoryInitiator    : HHH000026: Second-level cache disabled
2026-03-22T22:50:07.927+01:00  INFO 47749 --- [TunisiaHub_backend] [           main] o.s.o.j.p.SpringPersistenceUnitInfo      : No LoadTimeWeaver setup: ignoring JPA class transformer
2026-03-22T22:50:07.951+01:00  INFO 47749 --- [TunisiaHub_backend] [           main] com.zaxxer.hikari.HikariDataSource       : HikariPool-1 - Starting...
2026-03-22T22:50:08.127+01:00  INFO 47749 --- [TunisiaHub_backend] [           main] com.zaxxer.hikari.pool.HikariPool        : HikariPool-1 - Added connection com.mysql.cj.jdbc.ConnectionImpl@216328b2
2026-03-22T22:50:08.128+01:00  INFO 47749 --- [TunisiaHub_backend] [           main] com.zaxxer.hikari.HikariDataSource       : HikariPool-1 - Start completed.
2026-03-22T22:50:08.159+01:00  WARN 47749 --- [TunisiaHub_backend] [           main] org.hibernate.dialect.Dialect            : HHH000511: The 5.5.5 version for [org.hibernate.dialect.MySQLDialect] is no longer supported, hence certain features may not work properly. The minimum supported version is 8.0.0. Check the community dialects project for available legacy versions.
2026-03-22T22:50:08.163+01:00  WARN 47749 --- [TunisiaHub_backend] [           main] org.hibernate.orm.deprecation            : HHH90000025: MySQLDialect does not need to be specified explicitly using 'hibernate.dialect' (remove the property setting and it will be selected by default)
2026-03-22T22:50:08.175+01:00  INFO 47749 --- [TunisiaHub_backend] [           main] org.hibernate.orm.connections.pooling    : HHH10001005: Database info:
	Database JDBC URL [Connecting through datasource 'HikariDataSource (HikariPool-1)']
	Database driver: undefined/unknown
	Database version: 5.5.5
	Autocommit mode: undefined/unknown
	Isolation level: undefined/unknown
	Minimum pool size: undefined/unknown
	Maximum pool size: undefined/unknown
2026-03-22T22:50:09.039+01:00  INFO 47749 --- [TunisiaHub_backend] [           main] o.h.e.t.j.p.i.JtaPlatformInitiator       : HHH000489: No JTA platform available (set 'hibernate.transaction.jta.platform' to enable JTA platform integration)
Hibernate: alter table trips modify column driver_id varchar(255) not null
Hibernate: alter table trips add constraint FKqahsaodjirbk4if91c9bfnlgg foreign key (vehicle_id) references vehicles (id)
2026-03-22T22:50:09.791+01:00  WARN 47749 --- [TunisiaHub_backend] [           main] o.h.t.s.i.ExceptionHandlerLoggedImpl     : GenerationTarget encountered exception accepting command : Error executing DDL "alter table trips add constraint FKqahsaodjirbk4if91c9bfnlgg foreign key (vehicle_id) references vehicles (id)" via JDBC [Cannot add or update a child row: a foreign key constraint fails (`tunisiahub`.`#sql-13a51_1fb`, CONSTRAINT `FKqahsaodjirbk4if91c9bfnlgg` FOREIGN KEY (`vehicle_id`) REFERENCES `vehicles` (`id`))]

org.hibernate.tool.schema.spi.CommandAcceptanceException: Error executing DDL "alter table trips add constraint FKqahsaodjirbk4if91c9bfnlgg foreign key (vehicle_id) references vehicles (id)" via JDBC [Cannot add or update a child row: a foreign key constraint fails (`tunisiahub`.`#sql-13a51_1fb`, CONSTRAINT `FKqahsaodjirbk4if91c9bfnlgg` FOREIGN KEY (`vehicle_id`) REFERENCES `vehicles` (`id`))]
	at org.hibernate.tool.schema.internal.exec.GenerationTargetToDatabase.accept(GenerationTargetToDatabase.java:94) ~[hibernate-core-6.6.41.Final.jar:6.6.41.Final]
	at org.hibernate.tool.schema.internal.AbstractSchemaMigrator.applySqlString(AbstractSchemaMigrator.java:576) ~[hibernate-core-6.6.41.Final.jar:6.6.41.Final]
	at org.hibernate.tool.schema.internal.AbstractSchemaMigrator.applySqlStrings(AbstractSchemaMigrator.java:516) ~[hibernate-core-6.6.41.Final.jar:6.6.41.Final]
	at org.hibernate.tool.schema.internal.AbstractSchemaMigrator.applyForeignKeys(AbstractSchemaMigrator.java:448) ~[hibernate-core-6.6.41.Final.jar:6.6.41.Final]
	at org.hibernate.tool.schema.internal.AbstractSchemaMigrator.performMigration(AbstractSchemaMigrator.java:269) ~[hibernate-core-6.6.41.Final.jar:6.6.41.Final]
	at org.hibernate.tool.schema.internal.AbstractSchemaMigrator.doMigration(AbstractSchemaMigrator.java:112) ~[hibernate-core-6.6.41.Final.jar:6.6.41.Final]
	at org.hibernate.tool.schema.spi.SchemaManagementToolCoordinator.performDatabaseAction(SchemaManagementToolCoordinator.java:280) ~[hibernate-core-6.6.41.Final.jar:6.6.41.Final]
	at org.hibernate.tool.schema.spi.SchemaManagementToolCoordinator.lambda$process$5(SchemaManagementToolCoordinator.java:144) ~[hibernate-core-6.6.41.Final.jar:6.6.41.Final]
	at java.base/java.util.HashMap.forEach(HashMap.java:1429) ~[na:na]
	at org.hibernate.tool.schema.spi.SchemaManagementToolCoordinator.process(SchemaManagementToolCoordinator.java:141) ~[hibernate-core-6.6.41.Final.jar:6.6.41.Final]
	at org.hibernate.boot.internal.SessionFactoryObserverForSchemaExport.sessionFactoryCreated(SessionFactoryObserverForSchemaExport.java:37) ~[hibernate-core-6.6.41.Final.jar:6.6.41.Final]
	at org.hibernate.internal.SessionFactoryObserverChain.sessionFactoryCreated(SessionFactoryObserverChain.java:35) ~[hibernate-core-6.6.41.Final.jar:6.6.41.Final]
	at org.hibernate.internal.SessionFactoryImpl.<init>(SessionFactoryImpl.java:324) ~[hibernate-core-6.6.41.Final.jar:6.6.41.Final]
	at org.hibernate.boot.internal.SessionFactoryBuilderImpl.build(SessionFactoryBuilderImpl.java:463) ~[hibernate-core-6.6.41.Final.jar:6.6.41.Final]
	at org.hibernate.jpa.boot.internal.EntityManagerFactoryBuilderImpl.build(EntityManagerFactoryBuilderImpl.java:1517) ~[hibernate-core-6.6.41.Final.jar:6.6.41.Final]
	at org.springframework.orm.jpa.vendor.SpringHibernateJpaPersistenceProvider.createContainerEntityManagerFactory(SpringHibernateJpaPersistenceProvider.java:66) ~[spring-orm-6.2.15.jar:6.2.15]
	at org.springframework.orm.jpa.LocalContainerEntityManagerFactoryBean.createNativeEntityManagerFactory(LocalContainerEntityManagerFactoryBean.java:390) ~[spring-orm-6.2.15.jar:6.2.15]
	at org.springframework.orm.jpa.AbstractEntityManagerFactoryBean.buildNativeEntityManagerFactory(AbstractEntityManagerFactoryBean.java:419) ~[spring-orm-6.2.15.jar:6.2.15]
	at org.springframework.orm.jpa.AbstractEntityManagerFactoryBean.afterPropertiesSet(AbstractEntityManagerFactoryBean.java:400) ~[spring-orm-6.2.15.jar:6.2.15]
	at org.springframework.orm.jpa.LocalContainerEntityManagerFactoryBean.afterPropertiesSet(LocalContainerEntityManagerFactoryBean.java:366) ~[spring-orm-6.2.15.jar:6.2.15]
	at org.springframework.beans.factory.support.AbstractAutowireCapableBeanFactory.invokeInitMethods(AbstractAutowireCapableBeanFactory.java:1873) ~[spring-beans-6.2.15.jar:6.2.15]
	at org.springframework.beans.factory.support.AbstractAutowireCapableBeanFactory.initializeBean(AbstractAutowireCapableBeanFactory.java:1822) ~[spring-beans-6.2.15.jar:6.2.15]
	at org.springframework.beans.factory.support.AbstractAutowireCapableBeanFactory.doCreateBean(AbstractAutowireCapableBeanFactory.java:607) ~[spring-beans-6.2.15.jar:6.2.15]
	at org.springframework.beans.factory.support.AbstractAutowireCapableBeanFactory.createBean(AbstractAutowireCapableBeanFactory.java:529) ~[spring-beans-6.2.15.jar:6.2.15]
	at org.springframework.beans.factory.support.AbstractBeanFactory.lambda$doGetBean$0(AbstractBeanFactory.java:339) ~[spring-beans-6.2.15.jar:6.2.15]
	at org.springframework.beans.factory.support.DefaultSingletonBeanRegistry.getSingleton(DefaultSingletonBeanRegistry.java:373) ~[spring-beans-6.2.15.jar:6.2.15]
	at org.springframework.beans.factory.support.AbstractBeanFactory.doGetBean(AbstractBeanFactory.java:337) ~[spring-beans-6.2.15.jar:6.2.15]
	at org.springframework.beans.factory.support.AbstractBeanFactory.getBean(AbstractBeanFactory.java:207) ~[spring-beans-6.2.15.jar:6.2.15]
	at org.springframework.context.support.AbstractApplicationContext.finishBeanFactoryInitialization(AbstractApplicationContext.java:973) ~[spring-context-6.2.15.jar:6.2.15]
	at org.springframework.context.support.AbstractApplicationContext.refresh(AbstractApplicationContext.java:627) ~[spring-context-6.2.15.jar:6.2.15]
	at org.springframework.boot.web.servlet.context.ServletWebServerApplicationContext.refresh(ServletWebServerApplicationContext.java:146) ~[spring-boot-3.5.10.jar:3.5.10]
	at org.springframework.boot.SpringApplication.refresh(SpringApplication.java:752) ~[spring-boot-3.5.10.jar:3.5.10]
	at org.springframework.boot.SpringApplication.refreshContext(SpringApplication.java:439) ~[spring-boot-3.5.10.jar:3.5.10]
	at org.springframework.boot.SpringApplication.run(SpringApplication.java:318) ~[spring-boot-3.5.10.jar:3.5.10]
	at org.springframework.boot.SpringApplication.run(SpringApplication.java:1361) ~[spring-boot-3.5.10.jar:3.5.10]
	at org.springframework.boot.SpringApplication.run(SpringApplication.java:1350) ~[spring-boot-3.5.10.jar:3.5.10]
	at org.example.backend_tunisiahub.BackendTunisiaHubApplication.main(BackendTunisiaHubApplication.java:10) ~[classes/:na]
Caused by: java.sql.SQLIntegrityConstraintViolationException: Cannot add or update a child row: a foreign key constraint fails (`tunisiahub`.`#sql-13a51_1fb`, CONSTRAINT `FKqahsaodjirbk4if91c9bfnlgg` FOREIGN KEY (`vehicle_id`) REFERENCES `vehicles` (`id`))
	at com.mysql.cj.jdbc.exceptions.SQLError.createSQLException(SQLError.java:109) ~[mysql-connector-j-9.5.0.jar:9.5.0]
	at com.mysql.cj.jdbc.exceptions.SQLExceptionsMapping.translateException(SQLExceptionsMapping.java:114) ~[mysql-connector-j-9.5.0.jar:9.5.0]
	at com.mysql.cj.jdbc.StatementImpl.executeInternal(StatementImpl.java:837) ~[mysql-connector-j-9.5.0.jar:9.5.0]
	at com.mysql.cj.jdbc.StatementImpl.execute(StatementImpl.java:685) ~[mysql-connector-j-9.5.0.jar:9.5.0]
	at com.zaxxer.hikari.pool.ProxyStatement.execute(ProxyStatement.java:95) ~[HikariCP-6.3.3.jar:na]
	at com.zaxxer.hikari.pool.HikariProxyStatement.execute(HikariProxyStatement.java) ~[HikariCP-6.3.3.jar:na]
	at org.hibernate.tool.schema.internal.exec.GenerationTargetToDatabase.accept(GenerationTargetToDatabase.java:80) ~[hibernate-core-6.6.41.Final.jar:6.6.41.Final]
	... 36 common frames omitted

2026-03-22T22:50:09.795+01:00  INFO 47749 --- [TunisiaHub_backend] [           main] j.LocalContainerEntityManagerFactoryBean : Initialized JPA EntityManagerFactory for persistence unit 'default'
2026-03-22T22:50:10.219+01:00  WARN 47749 --- [TunisiaHub_backend] [           main] JpaBaseConfiguration$JpaWebConfiguration : spring.jpa.open-in-view is enabled by default. Therefore, database queries may be performed during view rendering. Explicitly configure spring.jpa.open-in-view to disable this warning
2026-03-22T22:50:10.591+01:00  INFO 47749 --- [TunisiaHub_backend] [           main] o.s.b.w.embedded.tomcat.TomcatWebServer  : Tomcat started on port 8089 (http) with context path '/'
2026-03-22T22:50:10.600+01:00  INFO 47749 --- [TunisiaHub_backend] [           main] o.e.b.BackendTunisiaHubApplication       : Started BackendTunisiaHubApplication in 4.635 seconds (process running for 4.946)
2026-03-22T22:50:10.601+01:00  WARN 47749 --- [TunisiaHub_backend] [           main] o.s.core.events.SpringDocAppInitializer  : SpringDoc /v3/api-docs endpoint is enabled by default. To disable it in production, set the property 'springdoc.api-docs.enabled=false'
2026-03-22T22:50:10.601+01:00  WARN 47749 --- [TunisiaHub_backend] [           main] o.s.core.events.SpringDocAppInitializer  : SpringDoc /swagger-ui.html endpoint is enabled by default. To disable it in production, set the property 'springdoc.swagger-ui.enabled=false'
2026-03-22T22:50:11.401+01:00  INFO 47749 --- [TunisiaHub_backend] [nio-8089-exec-1] o.a.c.c.C.[Tomcat].[localhost].[/]       : Initializing Spring DispatcherServlet 'dispatcherServlet'
2026-03-22T22:50:11.402+01:00  INFO 47749 --- [TunisiaHub_backend] [nio-8089-exec-1] o.s.web.servlet.DispatcherServlet        : Initializing Servlet 'dispatcherServlet'
2026-03-22T22:50:11.403+01:00  INFO 47749 --- [TunisiaHub_backend] [nio-8089-exec-1] o.s.web.servlet.DispatcherServlet        : Completed initialization in 1 ms
2026-03-22T22:51:56.489+01:00  INFO 47749 --- [TunisiaHub_backend] [nio-8089-exec-6] o.e.b.c.controller.VehicleController     : Create vehicle request received for userId=2, model=aa, plateNumber=BB, color=cc
Hibernate: select v1_0.id from vehicles v1_0 where upper(v1_0.plate_number)=upper(?) limit ?
Hibernate: insert into vehicles (color,model,owner_id,plate_number) values (?,?,?,?)
2026-03-22T22:51:56.702+01:00  INFO 47749 --- [TunisiaHub_backend] [nio-8089-exec-6] o.e.b.c.service.VehicleServiceImp        : Create vehicle persisted successfully for ownerId=2, vehicleId=3
2026-03-22T22:51:56.711+01:00  INFO 47749 --- [TunisiaHub_backend] [nio-8089-exec-6] o.e.b.c.controller.VehicleController     : Create vehicle succeeded for userId=2, vehicleId=3
Hibernate: select v1_0.id,v1_0.color,v1_0.model,v1_0.owner_id,v1_0.plate_number from vehicles v1_0 where v1_0.owner_id=? order by v1_0.id desc limit ?
2026-03-22T22:52:11.214+01:00  WARN 47749 --- [TunisiaHub_backend] [nio-8089-exec-8] ration$PageModule$WarningLoggingModifier : Serializing PageImpl instances as-is is not supported, meaning that there is no guarantee about the stability of the resulting JSON structure!
	For a stable JSON structure, please use Spring Data's PagedModel (globally via @EnableSpringDataWebSupport(pageSerializationMode = VIA_DTO))
	or Spring HATEOAS and Spring Data's PagedResourcesAssembler as documented in https://docs.spring.io/spring-data/commons/reference/repositories/core-extensions.html#core.web.pageables.

Hibernate: select v1_0.id,v1_0.color,v1_0.model,v1_0.owner_id,v1_0.plate_number from vehicles v1_0 where v1_0.owner_id=? order by v1_0.id desc limit ?
2026-03-22T22:55:24.853+01:00  INFO 47749 --- [TunisiaHub_backend] [nio-8089-exec-3] o.e.b.c.controller.TripController        : Create trip request received for driverId=2, departure=aa, destination=bb, departureTime=2026-03-28T21:55
Hibernate: select v1_0.id,v1_0.color,v1_0.model,v1_0.owner_id,v1_0.plate_number from vehicles v1_0 where v1_0.id=? and v1_0.owner_id=?
Hibernate: insert into trips (created_at,created_by,departure_date_time,departure_point,departure_time,destination,driver_id,price,seats_available,seats_total,status,updated_at,vehicle_id) values (?,?,?,?,?,?,?,?,?,?,?,?,?)
2026-03-22T22:55:25.021+01:00  INFO 47749 --- [TunisiaHub_backend] [nio-8089-exec-3] o.e.b.c.controller.TripController        : Create trip succeeded for driverId=2, tripId=6
Hibernate: select t1_0.id,t1_0.created_at,t1_0.created_by,t1_0.departure_date_time,t1_0.departure_point,t1_0.departure_time,t1_0.destination,t1_0.driver_id,t1_0.price,t1_0.seats_available,t1_0.seats_total,t1_0.status,t1_0.updated_at,t1_0.vehicle_id from trips t1_0 where t1_0.created_by=? order by t1_0.departure_date_time desc limit ?
Hibernate: select v1_0.id,v1_0.color,v1_0.model,v1_0.owner_id,v1_0.plate_number from vehicles v1_0 where v1_0.id=?
Hibernate: select v1_0.id,v1_0.color,v1_0.model,v1_0.owner_id,v1_0.plate_number from vehicles v1_0 where v1_0.id=?
Hibernate: select t1_0.id,t1_0.created_at,t1_0.created_by,t1_0.departure_date_time,t1_0.departure_point,t1_0.departure_time,t1_0.destination,t1_0.driver_id,t1_0.price,t1_0.seats_available,t1_0.seats_total,t1_0.status,t1_0.updated_at,t1_0.vehicle_id from trips t1_0 where t1_0.created_by=? order by t1_0.departure_date_time desc limit ?
Hibernate: select v1_0.id,v1_0.color,v1_0.model,v1_0.owner_id,v1_0.plate_number from vehicles v1_0 where v1_0.id=?
Hibernate: select v1_0.id,v1_0.color,v1_0.model,v1_0.owner_id,v1_0.plate_number from vehicles v1_0 where v1_0.id=?
Hibernate: select t1_0.id,t1_0.created_at,t1_0.created_by,t1_0.departure_date_time,t1_0.departure_point,t1_0.departure_time,t1_0.destination,t1_0.driver_id,t1_0.price,t1_0.seats_available,t1_0.seats_total,t1_0.status,t1_0.updated_at,t1_0.vehicle_id from trips t1_0 where t1_0.created_by=? order by t1_0.departure_date_time desc limit ?
Hibernate: select v1_0.id,v1_0.color,v1_0.model,v1_0.owner_id,v1_0.plate_number from vehicles v1_0 where v1_0.id=?
Hibernate: select v1_0.id,v1_0.color,v1_0.model,v1_0.owner_id,v1_0.plate_number from vehicles v1_0 where v1_0.id=?
Hibernate: select v1_0.id,v1_0.color,v1_0.model,v1_0.owner_id,v1_0.plate_number from vehicles v1_0 where v1_0.owner_id=? order by v1_0.id desc limit ?
Hibernate: select c1_0.id,c1_0.camping_type,c1_0.description,c1_0.end_date,c1_0.location,c1_0.name,c1_0.price,c1_0.start_date from camping c1_0
Hibernate: select v1_0.id,v1_0.color,v1_0.model,v1_0.owner_id,v1_0.plate_number from vehicles v1_0 where v1_0.owner_id=? order by v1_0.id desc limit ?
Hibernate: select t1_0.id,t1_0.created_at,t1_0.created_by,t1_0.departure_date_time,t1_0.departure_point,t1_0.departure_time,t1_0.destination,t1_0.driver_id,t1_0.price,t1_0.seats_available,t1_0.seats_total,t1_0.status,t1_0.updated_at,t1_0.vehicle_id from trips t1_0 where t1_0.created_by=? order by t1_0.departure_date_time desc limit ?
Hibernate: select r1_0.id,r1_0.end_date,r1_0.spot_id,r1_0.start_date,r1_0.status,r1_0.total_price,r1_0.trip_id,r1_0.type,r1_0.user_id from reservation r1_0
Hibernate: select v1_0.id,v1_0.color,v1_0.model,v1_0.owner_id,v1_0.plate_number from vehicles v1_0 where v1_0.id=?
Hibernate: select v1_0.id,v1_0.color,v1_0.model,v1_0.owner_id,v1_0.plate_number from vehicles v1_0 where v1_0.id=?
Hibernate: select t1_0.id,t1_0.created_at,t1_0.created_by,t1_0.departure_date_time,t1_0.departure_point,t1_0.departure_time,t1_0.destination,t1_0.driver_id,t1_0.price,t1_0.seats_available,t1_0.seats_total,t1_0.status,t1_0.updated_at,t1_0.vehicle_id from trips t1_0 where t1_0.seats_available>=? and t1_0.status=? limit ?,?
Hibernate: select v1_0.id,v1_0.color,v1_0.model,v1_0.owner_id,v1_0.plate_number from vehicles v1_0 where v1_0.id=?
Hibernate: select v1_0.id,v1_0.color,v1_0.model,v1_0.owner_id,v1_0.plate_number from vehicles v1_0 where v1_0.id=?
Hibernate: select t1_0.id,t1_0.created_at,t1_0.created_by,t1_0.departure_date_time,t1_0.departure_point,t1_0.departure_time,t1_0.destination,t1_0.driver_id,t1_0.price,t1_0.seats_available,t1_0.seats_total,t1_0.status,t1_0.updated_at,t1_0.vehicle_id from trips t1_0 where t1_0.status=? limit ?,?
Hibernate: select c1_0.id,c1_0.date,c1_0.description,c1_0.reported_by_user_id,c1_0.reservation_id,c1_0.status from complaint c1_0
Hibernate: select v1_0.id,v1_0.color,v1_0.model,v1_0.owner_id,v1_0.plate_number from vehicles v1_0 where v1_0.id=?
Hibernate: select v1_0.id,v1_0.color,v1_0.model,v1_0.owner_id,v1_0.plate_number from vehicles v1_0 where v1_0.id=?
Hibernate: select c1_0.id,c1_0.date,c1_0.description,c1_0.reported_by_user_id,c1_0.reservation_id,c1_0.status from complaint c1_0
Hibernate: select r1_0.id,r1_0.end_date,r1_0.spot_id,r1_0.start_date,r1_0.status,r1_0.total_price,r1_0.trip_id,r1_0.type,r1_0.user_id from reservation r1_0
Hibernate: select c1_0.id,c1_0.date,c1_0.description,c1_0.reported_by_user_id,c1_0.reservation_id,c1_0.status from complaint c1_0
Hibernate: select r1_0.id,r1_0.end_date,r1_0.spot_id,r1_0.start_date,r1_0.status,r1_0.total_price,r1_0.trip_id,r1_0.type,r1_0.user_id from reservation r1_0
Hibernate: select r1_0.id,r1_0.end_date,r1_0.spot_id,r1_0.start_date,r1_0.status,r1_0.total_price,r1_0.trip_id,r1_0.type,r1_0.user_id from reservation r1_0
Hibernate: select t1_0.id,t1_0.created_at,t1_0.created_by,t1_0.departure_date_time,t1_0.departure_point,t1_0.departure_time,t1_0.destination,t1_0.driver_id,t1_0.price,t1_0.seats_available,t1_0.seats_total,t1_0.status,t1_0.updated_at,t1_0.vehicle_id from trips t1_0 where t1_0.status=? limit ?,?
Hibernate: select v1_0.id,v1_0.color,v1_0.model,v1_0.owner_id,v1_0.plate_number from vehicles v1_0 where v1_0.id=?
Hibernate: select v1_0.id,v1_0.color,v1_0.model,v1_0.owner_id,v1_0.plate_number from vehicles v1_0 where v1_0.id=?
Hibernate: select t1_0.id,t1_0.created_at,t1_0.created_by,t1_0.departure_date_time,t1_0.departure_point,t1_0.departure_time,t1_0.destination,t1_0.driver_id,t1_0.price,t1_0.seats_available,t1_0.seats_total,t1_0.status,t1_0.updated_at,t1_0.vehicle_id from trips t1_0 where t1_0.created_by=? order by t1_0.departure_date_time desc limit ?
Hibernate: select v1_0.id,v1_0.color,v1_0.model,v1_0.owner_id,v1_0.plate_number from vehicles v1_0 where v1_0.owner_id=? order by v1_0.id desc limit ?
2026-03-22T22:57:57.592+01:00  INFO 47749 --- [TunisiaHub_backend] [nio-8089-exec-7] o.e.b.c.controller.TripController        : Create trip request received for driverId=2, departure=aa, destination=vv, departureTime=2026-03-29T21:57
Hibernate: select v1_0.id,v1_0.color,v1_0.model,v1_0.owner_id,v1_0.plate_number from vehicles v1_0 where v1_0.id=? and v1_0.owner_id=?
Hibernate: insert into trips (created_at,created_by,departure_date_time,departure_point,departure_time,destination,driver_id,price,seats_available,seats_total,status,updated_at,vehicle_id) values (?,?,?,?,?,?,?,?,?,?,?,?,?)
2026-03-22T22:57:57.645+01:00  INFO 47749 --- [TunisiaHub_backend] [nio-8089-exec-7] o.e.b.c.controller.TripController        : Create trip succeeded for driverId=2, tripId=7
Hibernate: select c1_0.id,c1_0.camping_type,c1_0.description,c1_0.end_date,c1_0.location,c1_0.name,c1_0.price,c1_0.start_date from camping c1_0
Hibernate: select v1_0.id,v1_0.color,v1_0.model,v1_0.owner_id,v1_0.plate_number from vehicles v1_0 where v1_0.owner_id=? order by v1_0.id desc limit ?
Hibernate: select t1_0.id,t1_0.created_at,t1_0.created_by,t1_0.departure_date_time,t1_0.departure_point,t1_0.departure_time,t1_0.destination,t1_0.driver_id,t1_0.price,t1_0.seats_available,t1_0.seats_total,t1_0.status,t1_0.updated_at,t1_0.vehicle_id from trips t1_0 where t1_0.created_by=? order by t1_0.departure_date_time desc limit ?
Hibernate: select v1_0.id,v1_0.color,v1_0.model,v1_0.owner_id,v1_0.plate_number from vehicles v1_0 where v1_0.id=?
Hibernate: select v1_0.id,v1_0.color,v1_0.model,v1_0.owner_id,v1_0.plate_number from vehicles v1_0 where v1_0.owner_id=? order by v1_0.id desc limit ?
Hibernate: select c1_0.id,c1_0.date,c1_0.description,c1_0.reported_by_user_id,c1_0.reservation_id,c1_0.status from complaint c1_0
Hibernate: select t1_0.id,t1_0.created_at,t1_0.created_by,t1_0.departure_date_time,t1_0.departure_point,t1_0.departure_time,t1_0.destination,t1_0.driver_id,t1_0.price,t1_0.seats_available,t1_0.seats_total,t1_0.status,t1_0.updated_at,t1_0.vehicle_id from trips t1_0 where t1_0.status=? limit ?,?
Hibernate: select t1_0.id,t1_0.created_at,t1_0.created_by,t1_0.departure_date_time,t1_0.departure_point,t1_0.departure_time,t1_0.destination,t1_0.driver_id,t1_0.price,t1_0.seats_available,t1_0.seats_total,t1_0.status,t1_0.updated_at,t1_0.vehicle_id from trips t1_0 where t1_0.seats_available>=? and t1_0.status=? limit ?,?
Hibernate: select v1_0.id,v1_0.color,v1_0.model,v1_0.owner_id,v1_0.plate_number from vehicles v1_0 where v1_0.id=?
Hibernate: select r1_0.id,r1_0.end_date,r1_0.spot_id,r1_0.start_date,r1_0.status,r1_0.total_price,r1_0.trip_id,r1_0.type,r1_0.user_id from reservation r1_0
Hibernate: select v1_0.id,v1_0.color,v1_0.model,v1_0.owner_id,v1_0.plate_number from vehicles v1_0 where v1_0.id=?
Hibernate: select r1_0.id,r1_0.end_date,r1_0.spot_id,r1_0.start_date,r1_0.status,r1_0.total_price,r1_0.trip_id,r1_0.type,r1_0.user_id from reservation r1_0
Hibernate: select c1_0.id,c1_0.date,c1_0.description,c1_0.reported_by_user_id,c1_0.reservation_id,c1_0.status from complaint c1_0
Hibernate: select r1_0.id,r1_0.end_date,r1_0.spot_id,r1_0.start_date,r1_0.status,r1_0.total_price,r1_0.trip_id,r1_0.type,r1_0.user_id from reservation r1_0
Hibernate: select r1_0.id,r1_0.end_date,r1_0.spot_id,r1_0.start_date,r1_0.status,r1_0.total_price,r1_0.trip_id,r1_0.type,r1_0.user_id from reservation r1_0
Hibernate: select c1_0.id,c1_0.date,c1_0.description,c1_0.reported_by_user_id,c1_0.reservation_id,c1_0.status from complaint c1_0
Hibernate: select t1_0.id,t1_0.created_at,t1_0.created_by,t1_0.departure_date_time,t1_0.departure_point,t1_0.departure_time,t1_0.destination,t1_0.driver_id,t1_0.price,t1_0.seats_available,t1_0.seats_total,t1_0.status,t1_0.updated_at,t1_0.vehicle_id from trips t1_0 where t1_0.status=? limit ?,?
Hibernate: select v1_0.id,v1_0.color,v1_0.model,v1_0.owner_id,v1_0.plate_number from vehicles v1_0 where v1_0.id=?
Hibernate: select t1_0.id,t1_0.created_at,t1_0.created_by,t1_0.departure_date_time,t1_0.departure_point,t1_0.departure_time,t1_0.destination,t1_0.driver_id,t1_0.price,t1_0.seats_available,t1_0.seats_total,t1_0.status,t1_0.updated_at,t1_0.vehicle_id from trips t1_0 where t1_0.created_by=? order by t1_0.departure_date_time desc limit ?
Hibernate: select v1_0.id,v1_0.color,v1_0.model,v1_0.owner_id,v1_0.plate_number from vehicles v1_0 where v1_0.id=?
Hibernate: select v1_0.id,v1_0.color,v1_0.model,v1_0.owner_id,v1_0.plate_number from vehicles v1_0 where v1_0.owner_id=? order by v1_0.id desc limit ?
